<?xml version="1.0" encoding="UTF-8"?>
<!-- Generated by org.testng.reporters.JUnitXMLReporter -->
<testsuite ignored="0" hostname="LAPTOP-PGAOCM6M" failures="2" tests="5" name="Test" time="34.176" errors="0" timestamp="2025-02-26T22:07:35 IST">
  <testcase classname="testCase.Login_testDDT" name="verify_loginDDT" time="2.2"/>
  <testcase classname="testCase.Login_testDDT" name="verify_loginDDT" time="2.193">
    <failure type="java.lang.AssertionError" message="expected [true] but found [false]">
      <![CDATA[java.lang.AssertionError: expected [true] but found [false]
at testCase.Login_testDDT.verify_loginDDT(Login_testDDT.java:53)
at java.base/java.util.ArrayList.forEach(ArrayList.java:1597)
... Removed 29 stack frames]]>
    </failure>
  </testcase> <!-- verify_loginDDT -->
  <testcase classname="testCase.Login_testDDT" name="verify_loginDDT" time="2.523">
    <failure type="java.lang.AssertionError" message="expected [true] but found [false]">
      <![CDATA[java.lang.AssertionError: expected [true] but found [false]
at testCase.Login_testDDT.verify_loginDDT(Login_testDDT.java:53)
at java.base/java.util.ArrayList.forEach(ArrayList.java:1597)
... Removed 29 stack frames]]>
    </failure>
  </testcase> <!-- verify_loginDDT -->
  <testcase classname="testCase.Login_testDDT" name="verify_loginDDT" time="6.363"/>
  <testcase classname="testCase.Login_testDDT" name="verify_loginDDT" time="2.959"/>
</testsuite> <!-- Test -->
