<?xml version="1.0" encoding="UTF-8"?>
<!-- Generated by org.testng.reporters.JUnitXMLReporter -->
<testsuite ignored="0" hostname="LAPTOP-PGAOCM6M" failures="2" tests="2" name="Test(failed)" time="12.314" errors="0" timestamp="2025-08-15T13:59:38 IST">
  <testcase classname="testCase.Login_testDDT" name="verify_loginDDT" time="1.628">
    <failure type="java.lang.AssertionError" message="expected [true] but found [false]">
      <![CDATA[java.lang.AssertionError: expected [true] but found [false]
at testCase.Login_testDDT.verify_loginDDT(Login_testDDT.java:53)
at java.base/java.util.ArrayList.forEach(ArrayList.java:1597)
... Removed 29 stack frames]]>
    </failure>
  </testcase> <!-- verify_loginDDT -->
  <testcase classname="testCase.Login_testDDT" name="verify_loginDDT" time="1.347">
    <failure type="java.lang.AssertionError" message="expected [true] but found [false]">
      <![CDATA[java.lang.AssertionError: expected [true] but found [false]
at testCase.Login_testDDT.verify_loginDDT(Login_testDDT.java:53)
at java.base/java.util.ArrayList.forEach(ArrayList.java:1597)
... Removed 29 stack frames]]>
    </failure>
  </testcase> <!-- verify_loginDDT -->
</testsuite> <!-- Test(failed) -->
